2017-08-24 10:53:38.706/5.927 Oracle Coherence 12.1.3.0.0 <Info> (thread=main, member=n/a): Loaded operational configuration from "jar:file:/C:/Oracle12c/Middleware/Oracle_Home/coherence/lib/coherence.jar!/tangosol-coherence.xml"
2017-08-24 10:53:38.950/6.171 Oracle Coherence 12.1.3.0.0 <Info> (thread=main, member=n/a): Loaded operational overrides from "jar:file:/C:/Oracle12c/Middleware/Oracle_Home/coherence/lib/coherence.jar!/tangosol-coherence-override-dev.xml"
2017-08-24 10:53:38.953/6.174 Oracle Coherence 12.1.3.0.0 <D5> (thread=main, member=n/a): Optional configuration override "/tangosol-coherence-override.xml" is not specified
2017-08-24 10:53:38.959/6.180 Oracle Coherence 12.1.3.0.0 <D5> (thread=main, member=n/a): Optional configuration override "cache-factory-config.xml" is not specified
2017-08-24 10:53:38.961/6.182 Oracle Coherence 12.1.3.0.0 <D5> (thread=main, member=n/a): Optional configuration override "cache-factory-builder-config.xml" is not specified
2017-08-24 10:53:38.964/6.185 Oracle Coherence 12.1.3.0.0 <D5> (thread=main, member=n/a): Optional configuration override "/custom-mbeans.xml" is not specified

Oracle Coherence Version 12.1.3.0.0 Build 52031
 Grid Edition: Development mode
Copyright (c) 2000, 2014, Oracle and/or its affiliates. All rights reserved.

2017-08-24 10:53:39.415/6.636 Oracle Coherence GE 12.1.3.0.0 <Info> (thread=main, member=n/a): Created cache factory com.tangosol.net.DefaultConfigurableCacheFactory
Aug 24, 2017 10:53:40 AM oracle.fabric.common.wsdl.SchemaManager isIncrementalBuildSupported
INFO: XMLSchema incremental build enabled.
Aug 24, 2017 10:53:41 AM com.collaxa.cube.CubeLogger info
INFO: validating "BPEL/BPELHelloWorld.bpel" ...
Aug 24, 2017 10:53:41 AM oracle.integration.platform.blocks.PlatformConfigurationProvider getPlatformConfigurationProvider
WARNING: JRF is unable to determine the current application server platform.
Aug 24, 2017 10:53:42 AM com.collaxa.cube.CubeLogger info
INFO: Composed "BPELHelloWorld" in 160.2 milliseconds [nodes 6=0+6, 37.4 nodes/sec]
Aug 24, 2017 10:53:45 AM CubeProcessGenerator compile
INFO: RegularFileObject[D:\JDeveloper\mywork\CICDSampleApp\HelloWorldSample\SOA\SCA-INF\bpel\BPELHe~0\src\orabpel\bpelhelloworld\L0.java] D:\JDeveloper\mywork\CICDSampleApp\HelloWorldSample\SOA\SCA-INF\bpel\BPELHe~0\src\orabpel\bpelhelloworld\L0.java uses unchecked or unsafe operations.
Aug 24, 2017 10:53:45 AM CubeProcessGenerator compile
INFO: RegularFileObject[D:\JDeveloper\mywork\CICDSampleApp\HelloWorldSample\SOA\SCA-INF\bpel\BPELHe~0\src\orabpel\bpelhelloworld\L0.java] Recompile with -Xlint:unchecked for details.
Aug 24, 2017 10:53:45 AM com.collaxa.cube.CubeLogger info
INFO: Compiled "BPELHelloWorld" in 2.922 seconds
Aug 24, 2017 10:53:45 AM com.collaxa.cube.CubeLogger info
INFO: Gathered 4 files in 1.3 milliseconds
Aug 24, 2017 10:53:45 AM com.collaxa.cube.CubeLogger info
INFO: Packaged "BPELHelloWorld" in 30.4 milliseconds
